app/buildsd/intermediates/manifest_merge_blame_file/debug/manifest-merger-blame-debug-report.txt
1<?xml version="1.0" encoding="utf-8"?>
2<manifest xmlns:android="http://schemas.android.com/apk/res/android"
3    package="com.joyholdings.tunnel"
4    android:versionCode="811"
5    android:versionName="8.1.1" >
6
7    <uses-sdk
8        android:minSdkVersion="19"
8-->src\main\AndroidManifest.xml
9        android:targetSdkVersion="30" />
9-->src\main\AndroidManifest.xml
10
11    <uses-permission android:name="com.android.vending.BILLING" />
11-->src\main\AndroidManifest.xml:4:5-67
11-->src\main\AndroidManifest.xml:4:22-64
12    <uses-permission android:name="android.permission.INTERNET" />
12-->src\main\AndroidManifest.xml:5:5-67
12-->src\main\AndroidManifest.xml:5:22-64
13    <uses-permission android:name="android.permission.ACCESS_NETWORK_STATE" />
13-->[com.google.android.gms:play-services-ads-lite:22.2.0] AndroidManifest.xml:25:5-79
13-->[com.google.android.gms:play-services-ads-lite:22.2.0] AndroidManifest.xml:25:22-76
14    <uses-permission android:name="com.google.android.gms.permission.AD_ID" /> <!-- Android package visibility setting -->
14-->[com.google.android.gms:play-services-ads-lite:22.2.0] AndroidManifest.xml:26:5-79
14-->[com.google.android.gms:play-services-ads-lite:22.2.0] AndroidManifest.xml:26:22-76
15    <queries>
15-->[com.google.android.gms:play-services-ads-lite:22.2.0] AndroidManifest.xml:32:5-48:15
16
17        <!-- For browser content -->
18        <intent>
18-->[com.google.android.gms:play-services-ads-lite:22.2.0] AndroidManifest.xml:35:9-41:18
19            <action android:name="android.intent.action.VIEW" />
19-->[com.google.android.gms:play-services-ads-lite:22.2.0] AndroidManifest.xml:36:13-65
19-->[com.google.android.gms:play-services-ads-lite:22.2.0] AndroidManifest.xml:36:21-62
20
21            <category android:name="android.intent.category.BROWSABLE" />
21-->[com.google.android.gms:play-services-ads-lite:22.2.0] AndroidManifest.xml:38:13-74
21-->[com.google.android.gms:play-services-ads-lite:22.2.0] AndroidManifest.xml:38:23-71
22
23            <data android:scheme="https" />
23-->[com.google.android.gms:play-services-ads-lite:22.2.0] AndroidManifest.xml:40:13-44
23-->[com.google.android.gms:play-services-ads-lite:22.2.0] AndroidManifest.xml:40:19-41
24        </intent>
25        <!-- End of browser content -->
26        <!-- For CustomTabsService -->
27        <intent>
27-->[com.google.android.gms:play-services-ads-lite:22.2.0] AndroidManifest.xml:44:9-46:18
28            <action android:name="android.support.customtabs.action.CustomTabsService" />
28-->[com.google.android.gms:play-services-ads-lite:22.2.0] AndroidManifest.xml:45:13-90
28-->[com.google.android.gms:play-services-ads-lite:22.2.0] AndroidManifest.xml:45:21-87
29        </intent>
30        <!-- End of CustomTabsService -->
31    </queries>
32
33    <uses-permission android:name="android.permission.WAKE_LOCK" />
33-->[androidx.work:work-runtime:2.7.0] AndroidManifest.xml:25:5-68
33-->[androidx.work:work-runtime:2.7.0] AndroidManifest.xml:25:22-65
34    <uses-permission android:name="android.permission.FOREGROUND_SERVICE" />
34-->[androidx.work:work-runtime:2.7.0] AndroidManifest.xml:28:5-77
34-->[androidx.work:work-runtime:2.7.0] AndroidManifest.xml:28:22-74
35    <uses-permission android:name="com.google.android.finsky.permission.BIND_GET_INSTALL_REFERRER_SERVICE" />
35-->[com.google.android.gms:play-services-measurement:21.3.0] AndroidManifest.xml:26:5-110
35-->[com.google.android.gms:play-services-measurement:21.3.0] AndroidManifest.xml:26:22-107
36
37    <application
37-->src\main\AndroidManifest.xml:7:5-43:19
38        android:name="androidx.multidex.MultiDexApplication"
39        android:allowBackup="false"
39-->src\main\AndroidManifest.xml:8:9-36
40        android:appComponentFactory="androidx.core.app.CoreComponentFactory"
40-->[androidx.core:core:1.6.0] AndroidManifest.xml:24:18-86
41        android:debuggable="true"
42        android:fullBackupContent="false"
42-->src\main\AndroidManifest.xml:9:9-42
43        android:icon="@mipmap/ic_launcher"
43-->src\main\AndroidManifest.xml:10:9-43
44        android:label="@string/app_name" >
44-->src\main\AndroidManifest.xml:11:9-41
45        <meta-data
45-->src\main\AndroidManifest.xml:13:9-15:70
46            android:name="com.google.android.gms.ads.APPLICATION_ID"
46-->src\main\AndroidManifest.xml:14:13-69
47            android:value="ca-app-pub-4370884607853019~7613247894" />
47-->src\main\AndroidManifest.xml:15:13-67
48
49        <activity
49-->src\main\AndroidManifest.xml:17:9-32:20
50            android:name="android.app.NativeActivity"
50-->src\main\AndroidManifest.xml:18:13-54
51            android:configChanges="orientation|keyboardHidden|keyboard|screenSize"
51-->src\main\AndroidManifest.xml:19:13-83
52            android:label="@string/app_name"
52-->src\main\AndroidManifest.xml:20:13-45
53            android:screenOrientation="landscape"
53-->src\main\AndroidManifest.xml:21:13-50
54            android:theme="@style/AppTheme" >
54-->src\main\AndroidManifest.xml:22:13-44
55            <meta-data
55-->src\main\AndroidManifest.xml:23:13-25:40
56                android:name="android.app.lib_name"
56-->src\main\AndroidManifest.xml:24:17-52
57                android:value="game" />
57-->src\main\AndroidManifest.xml:25:17-37
58
59            <intent-filter>
59-->src\main\AndroidManifest.xml:27:13-31:29
60                <action android:name="android.intent.action.MAIN" />
60-->src\main\AndroidManifest.xml:28:17-69
60-->src\main\AndroidManifest.xml:28:25-66
61
62                <category android:name="android.intent.category.LAUNCHER" />
62-->src\main\AndroidManifest.xml:30:17-77
62-->src\main\AndroidManifest.xml:30:27-74
63            </intent-filter>
64        </activity>
65        <activity
65-->src\main\AndroidManifest.xml:33:9-42:20
66            android:name="com.example.namespace.InterstitiallActivity"
66-->src\main\AndroidManifest.xml:34:13-50
67            android:label="@string/app_name"
67-->src\main\AndroidManifest.xml:35:13-45
68            android:theme="@android:style/Theme.NoTitleBar.Fullscreen" >
68-->src\main\AndroidManifest.xml:36:13-71
69            <intent-filter>
69-->src\main\AndroidManifest.xml:37:13-41:29
70                <action android:name="com.joyholdings.tunnel.InterstitiallActivity" />
70-->src\main\AndroidManifest.xml:38:17-87
70-->src\main\AndroidManifest.xml:38:25-84
71
72                <category android:name="android.intent.category.DEFAULT" />
72-->src\main\AndroidManifest.xml:40:17-76
72-->src\main\AndroidManifest.xml:40:27-73
73            </intent-filter>
74        </activity>
75
76        <meta-data
76-->[com.android.billingclient:billing:5.0.0] AndroidManifest.xml:13:9-15:37
77            android:name="com.google.android.play.billingclient.version"
77-->[com.android.billingclient:billing:5.0.0] AndroidManifest.xml:14:13-73
78            android:value="5.0.0" />
78-->[com.android.billingclient:billing:5.0.0] AndroidManifest.xml:15:13-34
79
80        <activity
80-->[com.android.billingclient:billing:5.0.0] AndroidManifest.xml:17:9-21:75
81            android:name="com.android.billingclient.api.ProxyBillingActivity"
81-->[com.android.billingclient:billing:5.0.0] AndroidManifest.xml:18:13-78
82            android:configChanges="keyboard|keyboardHidden|screenLayout|screenSize|orientation"
82-->[com.android.billingclient:billing:5.0.0] AndroidManifest.xml:19:13-96
83            android:exported="false"
83-->[com.android.billingclient:billing:5.0.0] AndroidManifest.xml:20:13-37
84            android:theme="@android:style/Theme.Translucent.NoTitleBar" /> <!-- Include the AdActivity and InAppPurchaseActivity configChanges and themes. -->
84-->[com.android.billingclient:billing:5.0.0] AndroidManifest.xml:21:13-72
85        <activity
85-->[com.google.android.gms:play-services-ads-lite:22.2.0] AndroidManifest.xml:53:9-58:43
86            android:name="com.google.android.gms.ads.AdActivity"
86-->[com.google.android.gms:play-services-ads-lite:22.2.0] AndroidManifest.xml:54:13-65
87            android:configChanges="keyboard|keyboardHidden|orientation|screenLayout|uiMode|screenSize|smallestScreenSize"
87-->[com.google.android.gms:play-services-ads-lite:22.2.0] AndroidManifest.xml:55:13-122
88            android:exported="false"
88-->[com.google.android.gms:play-services-ads-lite:22.2.0] AndroidManifest.xml:56:13-37
89            android:theme="@android:style/Theme.Translucent" />
89-->[com.google.android.gms:play-services-ads-lite:22.2.0] AndroidManifest.xml:57:13-61
90
91        <provider
91-->[com.google.android.gms:play-services-ads-lite:22.2.0] AndroidManifest.xml:60:9-65:43
92            android:name="com.google.android.gms.ads.MobileAdsInitProvider"
92-->[com.google.android.gms:play-services-ads-lite:22.2.0] AndroidManifest.xml:61:13-76
93            android:authorities="com.joyholdings.tunnel.mobileadsinitprovider"
93-->[com.google.android.gms:play-services-ads-lite:22.2.0] AndroidManifest.xml:62:13-73
94            android:exported="false"
94-->[com.google.android.gms:play-services-ads-lite:22.2.0] AndroidManifest.xml:63:13-37
95            android:initOrder="100" />
95-->[com.google.android.gms:play-services-ads-lite:22.2.0] AndroidManifest.xml:64:13-36
96
97        <service
97-->[com.google.android.gms:play-services-ads-lite:22.2.0] AndroidManifest.xml:67:9-71:43
98            android:name="com.google.android.gms.ads.AdService"
98-->[com.google.android.gms:play-services-ads-lite:22.2.0] AndroidManifest.xml:68:13-64
99            android:enabled="true"
99-->[com.google.android.gms:play-services-ads-lite:22.2.0] AndroidManifest.xml:69:13-35
100            android:exported="false" />
100-->[com.google.android.gms:play-services-ads-lite:22.2.0] AndroidManifest.xml:70:13-37
101
102        <activity
102-->[com.google.android.gms:play-services-ads-lite:22.2.0] AndroidManifest.xml:73:9-77:43
103            android:name="com.google.android.gms.ads.OutOfContextTestingActivity"
103-->[com.google.android.gms:play-services-ads-lite:22.2.0] AndroidManifest.xml:74:13-82
104            android:configChanges="keyboard|keyboardHidden|orientation|screenLayout|uiMode|screenSize|smallestScreenSize"
104-->[com.google.android.gms:play-services-ads-lite:22.2.0] AndroidManifest.xml:75:13-122
105            android:exported="false" />
105-->[com.google.android.gms:play-services-ads-lite:22.2.0] AndroidManifest.xml:76:13-37
106
107        <provider
107-->[androidx.work:work-runtime:2.7.0] AndroidManifest.xml:31:9-39:20
108            android:name="androidx.startup.InitializationProvider"
108-->[androidx.work:work-runtime:2.7.0] AndroidManifest.xml:32:13-67
109            android:authorities="com.joyholdings.tunnel.androidx-startup"
109-->[androidx.work:work-runtime:2.7.0] AndroidManifest.xml:33:13-68
110            android:exported="false" >
110-->[androidx.work:work-runtime:2.7.0] AndroidManifest.xml:34:13-37
111            <meta-data
111-->[androidx.work:work-runtime:2.7.0] AndroidManifest.xml:36:13-38:52
112                android:name="androidx.work.WorkManagerInitializer"
112-->[androidx.work:work-runtime:2.7.0] AndroidManifest.xml:37:17-68
113                android:value="androidx.startup" />
113-->[androidx.work:work-runtime:2.7.0] AndroidManifest.xml:38:17-49
114        </provider>
115
116        <service
116-->[androidx.work:work-runtime:2.7.0] AndroidManifest.xml:41:9-46:35
117            android:name="androidx.work.impl.background.systemalarm.SystemAlarmService"
117-->[androidx.work:work-runtime:2.7.0] AndroidManifest.xml:42:13-88
118            android:directBootAware="false"
118-->[androidx.work:work-runtime:2.7.0] AndroidManifest.xml:43:13-44
119            android:enabled="@bool/enable_system_alarm_service_default"
119-->[androidx.work:work-runtime:2.7.0] AndroidManifest.xml:44:13-72
120            android:exported="false" />
120-->[androidx.work:work-runtime:2.7.0] AndroidManifest.xml:45:13-37
121        <service
121-->[androidx.work:work-runtime:2.7.0] AndroidManifest.xml:47:9-53:35
122            android:name="androidx.work.impl.background.systemjob.SystemJobService"
122-->[androidx.work:work-runtime:2.7.0] AndroidManifest.xml:48:13-84
123            android:directBootAware="false"
123-->[androidx.work:work-runtime:2.7.0] AndroidManifest.xml:49:13-44
124            android:enabled="@bool/enable_system_job_service_default"
124-->[androidx.work:work-runtime:2.7.0] AndroidManifest.xml:50:13-70
125            android:exported="true"
125-->[androidx.work:work-runtime:2.7.0] AndroidManifest.xml:51:13-36
126            android:permission="android.permission.BIND_JOB_SERVICE" />
126-->[androidx.work:work-runtime:2.7.0] AndroidManifest.xml:52:13-69
127        <service
127-->[androidx.work:work-runtime:2.7.0] AndroidManifest.xml:54:9-59:35
128            android:name="androidx.work.impl.foreground.SystemForegroundService"
128-->[androidx.work:work-runtime:2.7.0] AndroidManifest.xml:55:13-81
129            android:directBootAware="false"
129-->[androidx.work:work-runtime:2.7.0] AndroidManifest.xml:56:13-44
130            android:enabled="@bool/enable_system_foreground_service_default"
130-->[androidx.work:work-runtime:2.7.0] AndroidManifest.xml:57:13-77
131            android:exported="false" />
131-->[androidx.work:work-runtime:2.7.0] AndroidManifest.xml:58:13-37
132
133        <receiver
133-->[androidx.work:work-runtime:2.7.0] AndroidManifest.xml:61:9-66:35
134            android:name="androidx.work.impl.utils.ForceStopRunnable$BroadcastReceiver"
134-->[androidx.work:work-runtime:2.7.0] AndroidManifest.xml:62:13-88
135            android:directBootAware="false"
135-->[androidx.work:work-runtime:2.7.0] AndroidManifest.xml:63:13-44
136            android:enabled="true"
136-->[androidx.work:work-runtime:2.7.0] AndroidManifest.xml:64:13-35
137            android:exported="false" />
137-->[androidx.work:work-runtime:2.7.0] AndroidManifest.xml:65:13-37
138        <receiver
138-->[androidx.work:work-runtime:2.7.0] AndroidManifest.xml:67:9-77:20
139            android:name="androidx.work.impl.background.systemalarm.ConstraintProxy$BatteryChargingProxy"
139-->[androidx.work:work-runtime:2.7.0] AndroidManifest.xml:68:13-106
140            android:directBootAware="false"
140-->[androidx.work:work-runtime:2.7.0] AndroidManifest.xml:69:13-44
141            android:enabled="false"
141-->[androidx.work:work-runtime:2.7.0] AndroidManifest.xml:70:13-36
142            android:exported="false" >
142-->[androidx.work:work-runtime:2.7.0] AndroidManifest.xml:71:13-37
143            <intent-filter>
143-->[androidx.work:work-runtime:2.7.0] AndroidManifest.xml:73:13-76:29
144                <action android:name="android.intent.action.ACTION_POWER_CONNECTED" />
144-->[androidx.work:work-runtime:2.7.0] AndroidManifest.xml:74:17-87
144-->[androidx.work:work-runtime:2.7.0] AndroidManifest.xml:74:25-84
145                <action android:name="android.intent.action.ACTION_POWER_DISCONNECTED" />
145-->[androidx.work:work-runtime:2.7.0] AndroidManifest.xml:75:17-90
145-->[androidx.work:work-runtime:2.7.0] AndroidManifest.xml:75:25-87
146            </intent-filter>
147        </receiver>
148        <receiver
148-->[androidx.work:work-runtime:2.7.0] AndroidManifest.xml:78:9-88:20
149            android:name="androidx.work.impl.background.systemalarm.ConstraintProxy$BatteryNotLowProxy"
149-->[androidx.work:work-runtime:2.7.0] AndroidManifest.xml:79:13-104
150            android:directBootAware="false"
150-->[androidx.work:work-runtime:2.7.0] AndroidManifest.xml:80:13-44
151            android:enabled="false"
151-->[androidx.work:work-runtime:2.7.0] AndroidManifest.xml:81:13-36
152            android:exported="false" >
152-->[androidx.work:work-runtime:2.7.0] AndroidManifest.xml:82:13-37
153            <intent-filter>
153-->[androidx.work:work-runtime:2.7.0] AndroidManifest.xml:84:13-87:29
154                <action android:name="android.intent.action.BATTERY_OKAY" />
154-->[androidx.work:work-runtime:2.7.0] AndroidManifest.xml:85:17-77
154-->[androidx.work:work-runtime:2.7.0] AndroidManifest.xml:85:25-74
155                <action android:name="android.intent.action.BATTERY_LOW" />
155-->[androidx.work:work-runtime:2.7.0] AndroidManifest.xml:86:17-76
155-->[androidx.work:work-runtime:2.7.0] AndroidManifest.xml:86:25-73
156            </intent-filter>
157        </receiver>
158        <receiver
158-->[androidx.work:work-runtime:2.7.0] AndroidManifest.xml:89:9-99:20
159            android:name="androidx.work.impl.background.systemalarm.ConstraintProxy$StorageNotLowProxy"
159-->[androidx.work:work-runtime:2.7.0] AndroidManifest.xml:90:13-104
160            android:directBootAware="false"
160-->[androidx.work:work-runtime:2.7.0] AndroidManifest.xml:91:13-44
161            android:enabled="false"
161-->[androidx.work:work-runtime:2.7.0] AndroidManifest.xml:92:13-36
162            android:exported="false" >
162-->[androidx.work:work-runtime:2.7.0] AndroidManifest.xml:93:13-37
163            <intent-filter>
163-->[androidx.work:work-runtime:2.7.0] AndroidManifest.xml:95:13-98:29
164                <action android:name="android.intent.action.DEVICE_STORAGE_LOW" />
164-->[androidx.work:work-runtime:2.7.0] AndroidManifest.xml:96:17-83
164-->[androidx.work:work-runtime:2.7.0] AndroidManifest.xml:96:25-80
165                <action android:name="android.intent.action.DEVICE_STORAGE_OK" />
165-->[androidx.work:work-runtime:2.7.0] AndroidManifest.xml:97:17-82
165-->[androidx.work:work-runtime:2.7.0] AndroidManifest.xml:97:25-79
166            </intent-filter>
167        </receiver>
168        <receiver
168-->[androidx.work:work-runtime:2.7.0] AndroidManifest.xml:100:9-109:20
169            android:name="androidx.work.impl.background.systemalarm.ConstraintProxy$NetworkStateProxy"
169-->[androidx.work:work-runtime:2.7.0] AndroidManifest.xml:101:13-103
170            android:directBootAware="false"
170-->[androidx.work:work-runtime:2.7.0] AndroidManifest.xml:102:13-44
171            android:enabled="false"
171-->[androidx.work:work-runtime:2.7.0] AndroidManifest.xml:103:13-36
172            android:exported="false" >
172-->[androidx.work:work-runtime:2.7.0] AndroidManifest.xml:104:13-37
173            <intent-filter>
173-->[androidx.work:work-runtime:2.7.0] AndroidManifest.xml:106:13-108:29
174                <action android:name="android.net.conn.CONNECTIVITY_CHANGE" />
174-->[androidx.work:work-runtime:2.7.0] AndroidManifest.xml:107:17-79
174-->[androidx.work:work-runtime:2.7.0] AndroidManifest.xml:107:25-76
175            </intent-filter>
176        </receiver>
177        <receiver
177-->[androidx.work:work-runtime:2.7.0] AndroidManifest.xml:110:9-121:20
178            android:name="androidx.work.impl.background.systemalarm.RescheduleReceiver"
178-->[androidx.work:work-runtime:2.7.0] AndroidManifest.xml:111:13-88
179            android:directBootAware="false"
179-->[androidx.work:work-runtime:2.7.0] AndroidManifest.xml:112:13-44
180            android:enabled="false"
180-->[androidx.work:work-runtime:2.7.0] AndroidManifest.xml:113:13-36
181            android:exported="false" >
181-->[androidx.work:work-runtime:2.7.0] AndroidManifest.xml:114:13-37
182            <intent-filter>
182-->[androidx.work:work-runtime:2.7.0] AndroidManifest.xml:116:13-120:29
183                <action android:name="android.intent.action.BOOT_COMPLETED" />
183-->[androidx.work:work-runtime:2.7.0] AndroidManifest.xml:117:17-79
183-->[androidx.work:work-runtime:2.7.0] AndroidManifest.xml:117:25-76
184                <action android:name="android.intent.action.TIME_SET" />
184-->[androidx.work:work-runtime:2.7.0] AndroidManifest.xml:118:17-73
184-->[androidx.work:work-runtime:2.7.0] AndroidManifest.xml:118:25-70
185                <action android:name="android.intent.action.TIMEZONE_CHANGED" />
185-->[androidx.work:work-runtime:2.7.0] AndroidManifest.xml:119:17-81
185-->[androidx.work:work-runtime:2.7.0] AndroidManifest.xml:119:25-78
186            </intent-filter>
187        </receiver>
188        <receiver
188-->[androidx.work:work-runtime:2.7.0] AndroidManifest.xml:122:9-131:20
189            android:name="androidx.work.impl.background.systemalarm.ConstraintProxyUpdateReceiver"
189-->[androidx.work:work-runtime:2.7.0] AndroidManifest.xml:123:13-99
190            android:directBootAware="false"
190-->[androidx.work:work-runtime:2.7.0] AndroidManifest.xml:124:13-44
191            android:enabled="@bool/enable_system_alarm_service_default"
191-->[androidx.work:work-runtime:2.7.0] AndroidManifest.xml:125:13-72
192            android:exported="false" >
192-->[androidx.work:work-runtime:2.7.0] AndroidManifest.xml:126:13-37
193            <intent-filter>
193-->[androidx.work:work-runtime:2.7.0] AndroidManifest.xml:128:13-130:29
194                <action android:name="androidx.work.impl.background.systemalarm.UpdateProxies" />
194-->[androidx.work:work-runtime:2.7.0] AndroidManifest.xml:129:17-98
194-->[androidx.work:work-runtime:2.7.0] AndroidManifest.xml:129:25-95
195            </intent-filter>
196        </receiver>
197        <receiver
197-->[androidx.work:work-runtime:2.7.0] AndroidManifest.xml:132:9-142:20
198            android:name="androidx.work.impl.diagnostics.DiagnosticsReceiver"
198-->[androidx.work:work-runtime:2.7.0] AndroidManifest.xml:133:13-78
199            android:directBootAware="false"
199-->[androidx.work:work-runtime:2.7.0] AndroidManifest.xml:134:13-44
200            android:enabled="true"
200-->[androidx.work:work-runtime:2.7.0] AndroidManifest.xml:135:13-35
201            android:exported="true"
201-->[androidx.work:work-runtime:2.7.0] AndroidManifest.xml:136:13-36
202            android:permission="android.permission.DUMP" >
202-->[androidx.work:work-runtime:2.7.0] AndroidManifest.xml:137:13-57
203            <intent-filter>
203-->[androidx.work:work-runtime:2.7.0] AndroidManifest.xml:139:13-141:29
204                <action android:name="androidx.work.diagnostics.REQUEST_DIAGNOSTICS" />
204-->[androidx.work:work-runtime:2.7.0] AndroidManifest.xml:140:17-88
204-->[androidx.work:work-runtime:2.7.0] AndroidManifest.xml:140:25-85
205            </intent-filter>
206        </receiver>
207
208        <service
208-->[androidx.room:room-runtime:2.2.5] AndroidManifest.xml:25:9-28:40
209            android:name="androidx.room.MultiInstanceInvalidationService"
209-->[androidx.room:room-runtime:2.2.5] AndroidManifest.xml:26:13-74
210            android:directBootAware="true"
210-->[androidx.room:room-runtime:2.2.5] AndroidManifest.xml:27:13-43
211            android:exported="false" />
211-->[androidx.room:room-runtime:2.2.5] AndroidManifest.xml:28:13-37
212
213        <activity
213-->[com.google.android.gms:play-services-base:18.2.0] AndroidManifest.xml:20:9-22:45
214            android:name="com.google.android.gms.common.api.GoogleApiActivity"
214-->[com.google.android.gms:play-services-base:18.2.0] AndroidManifest.xml:20:19-85
215            android:exported="false"
215-->[com.google.android.gms:play-services-base:18.2.0] AndroidManifest.xml:22:19-43
216            android:theme="@android:style/Theme.Translucent.NoTitleBar" />
216-->[com.google.android.gms:play-services-base:18.2.0] AndroidManifest.xml:21:19-78
217
218        <service
218-->[com.google.android.gms:play-services-measurement-api:21.3.0] AndroidManifest.xml:28:9-34:19
219            android:name="com.google.firebase.components.ComponentDiscoveryService"
219-->[com.google.android.gms:play-services-measurement-api:21.3.0] AndroidManifest.xml:29:13-84
220            android:directBootAware="true"
220-->[com.google.firebase:firebase-common:20.3.3] AndroidManifest.xml:34:13-43
221            android:exported="false" >
221-->[com.google.android.gms:play-services-measurement-api:21.3.0] AndroidManifest.xml:30:13-37
222            <meta-data
222-->[com.google.android.gms:play-services-measurement-api:21.3.0] AndroidManifest.xml:31:13-33:85
223                android:name="com.google.firebase.components:com.google.firebase.analytics.connector.internal.AnalyticsConnectorRegistrar"
223-->[com.google.android.gms:play-services-measurement-api:21.3.0] AndroidManifest.xml:32:17-139
224                android:value="com.google.firebase.components.ComponentRegistrar" />
224-->[com.google.android.gms:play-services-measurement-api:21.3.0] AndroidManifest.xml:33:17-82
225            <meta-data
225-->[com.google.firebase:firebase-installations:17.1.3] AndroidManifest.xml:17:13-19:85
226                android:name="com.google.firebase.components:com.google.firebase.installations.FirebaseInstallationsRegistrar"
226-->[com.google.firebase:firebase-installations:17.1.3] AndroidManifest.xml:18:17-127
227                android:value="com.google.firebase.components.ComponentRegistrar" />
227-->[com.google.firebase:firebase-installations:17.1.3] AndroidManifest.xml:19:17-82
228        </service>
229
230        <provider
230-->[com.google.firebase:firebase-common:20.3.3] AndroidManifest.xml:25:9-30:39
231            android:name="com.google.firebase.provider.FirebaseInitProvider"
231-->[com.google.firebase:firebase-common:20.3.3] AndroidManifest.xml:26:13-77
232            android:authorities="com.joyholdings.tunnel.firebaseinitprovider"
232-->[com.google.firebase:firebase-common:20.3.3] AndroidManifest.xml:27:13-72
233            android:directBootAware="true"
233-->[com.google.firebase:firebase-common:20.3.3] AndroidManifest.xml:28:13-43
234            android:exported="false"
234-->[com.google.firebase:firebase-common:20.3.3] AndroidManifest.xml:29:13-37
235            android:initOrder="100" />
235-->[com.google.firebase:firebase-common:20.3.3] AndroidManifest.xml:30:13-36
236
237        <receiver
237-->[com.google.android.gms:play-services-measurement:21.3.0] AndroidManifest.xml:29:9-33:20
238            android:name="com.google.android.gms.measurement.AppMeasurementReceiver"
238-->[com.google.android.gms:play-services-measurement:21.3.0] AndroidManifest.xml:30:13-85
239            android:enabled="true"
239-->[com.google.android.gms:play-services-measurement:21.3.0] AndroidManifest.xml:31:13-35
240            android:exported="false" >
240-->[com.google.android.gms:play-services-measurement:21.3.0] AndroidManifest.xml:32:13-37
241        </receiver>
242
243        <service
243-->[com.google.android.gms:play-services-measurement:21.3.0] AndroidManifest.xml:35:9-38:40
244            android:name="com.google.android.gms.measurement.AppMeasurementService"
244-->[com.google.android.gms:play-services-measurement:21.3.0] AndroidManifest.xml:36:13-84
245            android:enabled="true"
245-->[com.google.android.gms:play-services-measurement:21.3.0] AndroidManifest.xml:37:13-35
246            android:exported="false" />
246-->[com.google.android.gms:play-services-measurement:21.3.0] AndroidManifest.xml:38:13-37
247        <service
247-->[com.google.android.gms:play-services-measurement:21.3.0] AndroidManifest.xml:39:9-43:72
248            android:name="com.google.android.gms.measurement.AppMeasurementJobService"
248-->[com.google.android.gms:play-services-measurement:21.3.0] AndroidManifest.xml:40:13-87
249            android:enabled="true"
249-->[com.google.android.gms:play-services-measurement:21.3.0] AndroidManifest.xml:41:13-35
250            android:exported="false"
250-->[com.google.android.gms:play-services-measurement:21.3.0] AndroidManifest.xml:42:13-37
251            android:permission="android.permission.BIND_JOB_SERVICE" />
251-->[com.google.android.gms:play-services-measurement:21.3.0] AndroidManifest.xml:43:13-69
252
253        <provider
253-->[androidx.lifecycle:lifecycle-process:2.2.0] AndroidManifest.xml:25:9-29:43
254            android:name="androidx.lifecycle.ProcessLifecycleOwnerInitializer"
254-->[androidx.lifecycle:lifecycle-process:2.2.0] AndroidManifest.xml:26:13-79
255            android:authorities="com.joyholdings.tunnel.lifecycle-process"
255-->[androidx.lifecycle:lifecycle-process:2.2.0] AndroidManifest.xml:27:13-69
256            android:exported="false"
256-->[androidx.lifecycle:lifecycle-process:2.2.0] AndroidManifest.xml:28:13-37
257            android:multiprocess="true" />
257-->[androidx.lifecycle:lifecycle-process:2.2.0] AndroidManifest.xml:29:13-40
258
259        <meta-data
259-->[com.google.android.gms:play-services-basement:18.1.0] AndroidManifest.xml:21:9-23:69
260            android:name="com.google.android.gms.version"
260-->[com.google.android.gms:play-services-basement:18.1.0] AndroidManifest.xml:22:13-58
261            android:value="@integer/google_play_services_version" />
261-->[com.google.android.gms:play-services-basement:18.1.0] AndroidManifest.xml:23:13-66
262    </application>
263
264</manifest>